	DownloadPath   =
	UploadPath     =
	Password       =
	ScreenMode     =80x25
	NoStatus       =true
	ANSIMusic      =1
	Font           =Codepage 437 English
        NoStatus       =true


[BBS MouseNet]
        Address        =bbs-mousenet.dynip.online
        Port           =23
        ConnectionType =telnet

[Babes On Fire]
        Address        =babesonfire.nl 
        Port           =23
        ConnectionType =telnet

[Basement Theory (SSH)]
        Address        =basement.synchro.net
        Port           =2222
        ConnectionType =ssh

[Blood Stone (SSH)]
        Address        =wwiv.bsbbs.com
        Port           =22
        ConnectionType =ssh

[Bucko's Den]
        Address        =wn2.duckdns.org
        Port           =6407
        ConnectionType =telnet

[Capitol Shrill BBS (SSH)]
        Address        =capitolshrill.com
        Port           =22
        ConnectionType =ssh

[Digital Realms BBS]
        Address        =connect.digitalrealms.net
        Port           =2323
        ConnectionType =telnet

[DragonsWeb Labs BBS]
        Address        =bbs.dragonsweb.org
        Port           =23
        ConnectionType =telnet

[Eggy BBS]
        Address        =bbs.eggy.cc:
        Port           =2300
        ConnectionType =telnet

[Eight Bit (8-Bit) Playground]
        Address        =8bit.hoyvision.com
        Port           =6400
        ConnectionType =telnet

[Fifty-Six (56K) Majormud BBS]
        Address        =56kmajormud.servegame.com
        Port           =23
        ConnectionType =telnet

[Files 4 Fun BBS]
        Address        =bbs.f4fbbs.com
        Port           =62323
        ConnectionType =telnet

[Forgotten Realms]
        Address        =212.213.64.95 
        Port           =23
        ConnectionType =telnet

[Gigashop Networks]
        Address        =195.189.252.5
        Port           =23
        ConnectionType =telnet

[Haciend El Bananas]
        Address        =188.166.9.190 
        Port           =23
        ConnectionType =telnet

[Insane Asylum BBS (SSH)]
        Address        =tiabbs.synchro.net
        Port           =22
        ConnectionType =ssh

[LV-426 BBS]
        Address        =lv426bbs.hopto.org
        Port           =6464
        ConnectionType =telnet

[LostCause Halfway House]
        Address        =bbs.lostcause.house
        Port           =23
        ConnectionType =telnet

[Mutiny BBS (SSH)]
        Address        =mutinybbs.com
        Port           =22
        ConnectionType =ssh

[Netrunner Game Server]
        Address        =afterimages.dyndns.org
        Port           =6400
        ConnectionType =telnet

[Ninety-Six Forty 9640 News BBS]
        Address        =9640news.ddns.net:9640
        Port           =23
        ConnectionType =telnet

[Ninho do Abutre 2 BBS (SSH)]
        Address        =abutre.no-ip.org
        Port           =22
        ConnectionType =ssh

[Nocturnal BBS]
        Address        =nocturnal.hopto.org
        Port           =2023
        ConnectionType =telnet

[Operation Insanity]
        Address        =opinsane.noip.me
        Port           =23
        ConnectionType =telnet

[Outer Limits BBS]
        Address        =outerlimitsbbs.ddns.net
        Port           =8000
        ConnectionType =telnet

[Pipeline BBS]
        Address        =bbs.wantit.net
        Port           =23
        ConnectionType =telnet

[Pirate's Cove]
        Address        =picovebbs.com
        Port           =6860
        ConnectionType =telnet

[Quazar BBS Door Game Server]
        Address        =quazarbbs.dynu.net
        Port           =2323
        ConnectionType =telnet

[Raiders Inc. BBS]
        Address        =vintagebbsing.com
        Port           =1337
        ConnectionType =telnet

[Raketfart's BBS]
        Address        =83.251.117.224
        Port           =2323
        ConnectionType =telnet

[Red Mud BBS]
        Address        =redmudbbs.site
        Port           =2560
        ConnectionType =telnet

[Retro Acorn]
        Address        =80.192.18.227
        Port           =23
        ConnectionType =telnet

[Shodan's Core]
        Address        =shodan.synchro.net
        Port           =23
        ConnectionType =telnet

[Small Time BBS]
        Address        =smalltimebbs.ddns.net
        Port           =23
        ConnectionType =telnet

[Sonic BBS]
        Address        =sonicbbs.ddns.net
        Port           =23
        ConnectionType =telnet

[Starbase Alpha]
        Address        =alpha.sb-discovery.com
        Port           =23
        ConnectionType =telnet

[Stepping Stone BBS]
        Address        =vintagebbsing.com
        Port           =23
        ConnectionType =telnet

[Sursum Corda! BBS]
        Address        =bbs.sursum-corda.com
        Port           =23
        ConnectionType =telnet

[Tornado Electronic Communications System]
        Address        =bbs.tecs.de
        Port           =23
        ConnectionType =telnet

[Two Dudes BBS]
        Address        =twodudesbbs.com
        Port           =23
        ConnectionType =telnet

[Undercurrents BBS (Enigma) (SSH)]
        Address        =8086
        Port           =22
        ConnectionType =ssh

[Veteran BBS]
        Address        =bbs.thewelborns.net
        Port           =28
        ConnectionType =telnet

[Wastelands BBS (2)]
        Address        =81.231.15.95 
        Port           =23
        ConnectionType =telnet

[Wrong Number IV BBS]
        Address        =wn2.duckdns.org
        Port           =3000
        ConnectionType =telnet

[Wrong Number V BBS]
        Address        =wn2.duckdns.org
        Port           =6408
        ConnectionType =telnet
